<?xml version="1.0" encoding="UTF-8"?>
<!-- Generated by org.testng.reporters.JUnitReportReporter -->
<testsuite name="com.leadapp.testcases.CreateLeadTest" tests="1" time="57.273" ignored="0" failures="0" timestamp="27 Jan 2020 21:35:17 GMT" skipped="0" hostname="ajay-PC" errors="0">
  <testcase name="createLead" time="57.273" classname="com.leadapp.testcases.CreateLeadTest"/>
</testsuite> <!-- com.leadapp.testcases.CreateLeadTest -->
